{"D:\\DESARROLLO FrontEnd\\Projects\\MetJS-react\\src\\App.jsx": {"path":"D:\\DESARROLLO FrontEnd\\Projects\\MetJS-react\\src\\App.jsx","statementMap":{"0":{"start":{"line":9,"column":17},"end":{"line":9,"column":30}},"1":{"start":{"line":10,"column":16},"end":{"line":12,"column":3}},"2":{"start":{"line":11,"column":4},"end":{"line":11,"column":17}},"3":{"start":{"line":15,"column":2},"end":{"line":21,"column":3}}},"fnMap":{"0":{"name":"App","decl":{"start":{"line":4,"column":9},"end":{"line":4,"column":12}},"loc":{"start":{"line":4,"column":15},"end":{"line":22,"column":1}},"line":4},"1":{"name":"(anonymous_1)","decl":{"start":{"line":10,"column":16},"end":{"line":10,"column":17}},"loc":{"start":{"line":10,"column":26},"end":{"line":12,"column":3}},"line":10}},"branchMap":{},"s":{"0":1,"1":1,"2":0,"3":1},"f":{"0":1,"1":0},"b":{},"_coverageSchema":"1a1c01bbd47fc00a2c39e90264f33305004495a9","hash":"80ce632b67991841ff485998c5c81efad20fc360"}
,"D:\\DESARROLLO FrontEnd\\Projects\\MetJS-react\\src\\modulos\\coleccionNiveles.jsx": {"path":"D:\\DESARROLLO FrontEnd\\Projects\\MetJS-react\\src\\modulos\\coleccionNiveles.jsx","statementMap":{"0":{"start":{"line":1,"column":32},"end":{"line":291,"column":1}}},"fnMap":{},"branchMap":{},"s":{"0":1},"f":{},"b":{},"_coverageSchema":"1a1c01bbd47fc00a2c39e90264f33305004495a9","hash":"6c358401170d223f37d8325e27b50350ebceccba"}
}
